<?xml version="1.0" encoding="UTF-8"?>
<!-- Generated by org.testng.reporters.JUnitReportReporter -->
<testsuite hostname="Manik" failures="0" tests="1" name="APITesting.com.org.api.Wheather_SMS" time="3.411" errors="0" timestamp="2020-06-20T23:46:50 IST" skipped="0">
  <testcase classname="APITesting.com.org.api.Wheather_SMS" name="test_11" time="3.411"/>
  <system-out/>
</testsuite> <!-- APITesting.com.org.api.Wheather_SMS -->
