<?xml version="1.0" encoding="UTF-8"?>
<!-- Generated by org.testng.reporters.JUnitReportReporter -->
<testsuite hostname="Manik" failures="0" tests="1" name="APITesting.com.org.api.Google_Search" time="24.608" errors="0" timestamp="2020-06-27T16:27:36 IST" skipped="0">
  <testcase classname="APITesting.com.org.api.Google_Search" name="Google_search" time="24.608"/>
  <system-out/>
</testsuite> <!-- APITesting.com.org.api.Google_Search -->
